make all --print-data-base --no-builtin-variables --no-builtin-rules --question
make: *** No rule to make target 'all'.  Stop.

# GNU Make 4.3
# Built for x86_64-pc-linux-gnu
# Copyright (C) 1988-2020 Free Software Foundation, Inc.
# License GPLv3+: GNU GPL version 3 or later <http://gnu.org/licenses/gpl.html>
# This is free software: you are free to change and redistribute it.
# There is NO WARRANTY, to the extent permitted by law.

# Make data base, printed on Tue May 17 19:23:09 2022

# Variables

# makefile (from 'makefile', line 34)
OBJ = $(shell echo $(AUX) | sed -r 's/.cc/.o/g' | sed -r 's/$(OBJSRC)/$(OBJDIR)/g')
# environment
GDK_BACKEND = x11
# environment
LC_ALL = C
# environment
NO_AT_BRIDGE = 1
# makefile (from 'makefile', line 17)
OBJDIR = build
# makefile (from 'makefile', line 14)
OBJSRC = src
# makefile (from 'makefile', line 20)
BINDIR = bin
# environment
VSCODE_IPC_HOOK_EXTHOST = /run/user/1000/vscode-ipc-30af24c4-e74e-4da0-975d-76b308dda9c7.sock
# environment
VSCODE_CWD = /home/sergio
# environment
UBUNTU_MENUPROXY = 1
# makefile (from 'makefile', line 33)
AUX = $(OBJSRC)/*.cc
# environment
GDM_LANG = es_ES
# default
MAKE_COMMAND := make
# environment
GTK3_MODULES = xapp-gtk3-module
# environment
QT_ACCESSIBILITY = 1
# makefile (from 'makefile', line 11)
DEPSSRC = include
# automatic
@D = $(patsubst %/,%,$(dir $@))
# environment
VSCODE_HANDLES_UNCAUGHT_ERRORS = true
# default
.VARIABLES := 
# environment
PWD = /home/sergio/Documentos/Algoritmos_y_estructura_de_datos_avanzados/Practica_7_binary_Search_Tree/Practica_7_binary_Search_Tree
# automatic
%D = $(patsubst %/,%,$(dir $%))
# environment
XDG_DATA_DIRS = /usr/share/budgie-desktop:/usr/local/share:/usr/share:/var/lib/snapd/desktop
# automatic
^D = $(patsubst %/,%,$(dir $^))
# environment
VSCODE_LOG_STACK = false
# automatic
%F = $(notdir $%)
# environment
VSCODE_CODE_CACHE_PATH = /home/sergio/.config/Code/CachedData/da15b6fd3ef856477bf6f4fb29ba1b7af717770d
# environment
XDG_SESSION_PATH = /org/freedesktop/DisplayManager/Session0
# environment
LANG = C
# environment
XAUTHORITY = /home/sergio/.Xauthority
# default
.LOADED := 
# default
.INCLUDE_DIRS = /usr/local/include /usr/include /usr/include
# makefile
MAKEFLAGS = pqrR
# makefile
CURDIR := /home/sergio/Documentos/Algoritmos_y_estructura_de_datos_avanzados/Practica_7_binary_Search_Tree/Practica_7_binary_Search_Tree
# environment
VSCODE_PIPE_LOGGING = true
# environment
APPLICATION_INSIGHTS_NO_DIAGNOSTIC_CHANNEL = 1
# environment
LESSOPEN = | /usr/bin/lesspipe %s
# automatic
*D = $(patsubst %/,%,$(dir $*))
# environment
MFLAGS = -pqrR
# environment
SSH_AUTH_SOCK = /run/user/1000/keyring/ssh
# default
.SHELLFLAGS := -c
# environment
XDG_CONFIG_DIRS = /etc/xdg/xdg-budgie-desktop:/etc/xdg
# automatic
+D = $(patsubst %/,%,$(dir $+))
# environment
XDG_SESSION_DESKTOP = budgie-desktop
# makefile (from 'makefile', line 1)
MAKEFILE_LIST := makefile
# automatic
@F = $(notdir $@)
# environment
VSCODE_VERBOSE_LOGGING = true
# environment
VSCODE_PID = 3586
# environment
XDG_SESSION_TYPE = x11
# automatic
?D = $(patsubst %/,%,$(dir $?))
# environment
SESSION_MANAGER = local/Sergdertx-VirtualBox:@/tmp/.ICE-unix/930,unix/Sergdertx-VirtualBox:/tmp/.ICE-unix/930
# makefile (from 'makefile', line 8)
EJECUTABLE = binary_search_tree
# automatic
*F = $(notdir $*)
# environment
QT_QPA_PLATFORMTHEME = qt5ct
# environment
CHROME_DESKTOP = code-url-handler.desktop
# environment
DBUS_SESSION_BUS_ADDRESS = unix:path=/run/user/1000/bus
# automatic
<D = $(patsubst %/,%,$(dir $<))
# environment
VSCODE_NLS_CONFIG = {"locale":"es","availableLanguages":{},"_languagePackSupport":true}
# default
MAKE_HOST := x86_64-pc-linux-gnu
# environment
GNOME_DESKTOP_SESSION_ID = this-is-deprecated
# makefile
SHELL = /bin/sh
# default
MAKECMDGOALS := all
# environment
XMODIFIERS = @im=ibus
# makefile (from 'makefile', line 30)
DEPSCPY = $(DEPS)
# environment
SHLVL = 0
# environment
MAKELEVEL := 0
# default
MAKE = $(MAKE_COMMAND)
# environment
PATH = /usr/local/sbin:/usr/local/bin:/usr/sbin:/usr/bin:/sbin:/bin:/usr/games:/usr/local/games:/snap/bin
# default
MAKEFILES := 
# environment
LANGUAGE = es_ES
# automatic
^F = $(notdir $^)
# environment
VSCODE_LOG_NATIVE = false
# environment
LESSCLOSE = /usr/bin/lesspipe %s %s
# automatic
?F = $(notdir $?)
# environment
XDG_CURRENT_DESKTOP = Budgie:GNOME
# environment
LS_COLORS = 
# automatic
+F = $(notdir $+)
# environment
XDG_SEAT_PATH = /org/freedesktop/DisplayManager/Seat0
# environment
DESKTOP_SESSION = budgie-desktop
# environment
ORIGINAL_XDG_CURRENT_DESKTOP = Budgie:GNOME
# 'override' directive
GNUMAKEFLAGS := 
# environment
LOGNAME = sergio
# environment
GIO_LAUNCHED_DESKTOP_FILE = /usr/share/applications/code.desktop
# makefile
.DEFAULT_GOAL := bin/binary_search_tree
# environment
DISPLAY = :0
# environment
USER = sergio
# environment
GTK_MODULES = appmenu-gtk-module:gail:atk-bridge:appmenu-gtk-module
# default
MAKE_VERSION := 4.3
# 'override' directive
.SHELLSTATUS := 0
# environment
GIO_LAUNCHED_DESKTOP_FILE_PID = 3586
# environment
_ = /usr/share/code/code
# environment
XDG_RUNTIME_DIR = /run/user/1000
# makefile (from 'makefile', line 4)
CFLAGS = -I -Weffc++ -Wall -g
# environment
GPG_AGENT_INFO = /run/user/1000/gnupg/S.gpg-agent:0:1
# environment
XDG_SESSION_CLASS = user
# environment
VSCODE_AMD_ENTRYPOINT = vs/workbench/api/node/extensionHostProcess
# environment
HOME = /home/sergio
# environment
QT_IM_MODULE = ibus
# environment
ELECTRON_RUN_AS_NODE = 1
# environment
VSCODE_IPC_HOOK = /run/user/1000/vscode-c5dcbc9e-1.67.1-main.sock
# environment
GSETTINGS_SCHEMA_DIR = /home/sergio/data
# default
.RECIPEPREFIX := 
# automatic
<F = $(notdir $<)
# makefile (from 'makefile', line 28)
DEPS = $(DEPSSRC)/*.h
# default
SUFFIXES := 
# environment
XDG_GREETER_DATA_DIR = /var/lib/lightdm-data/sergio
# default
.FEATURES := target-specific order-only second-expansion else-if shortest-stem undefine oneshell nocomment grouped-target extra-prereqs archives jobserver output-sync check-symlink load
# makefile (from 'makefile', line 2)
CC = g++
# environment
XDG_MENU_PREFIX = gnome-
# environment
GDMSESSION = budgie-desktop
# variable set hash-table stats:
# Load=109/1024=11%, Rehash=0, Collisions=8/152=5%

# Pattern-specific Variable Values

# No pattern-specific variable values.

# Directories

# include (device 2051, inode 16222): 7 files, no impossibilities.
# src (device 2051, inode 279821): No files, no impossibilities so far.
# . (device 2051, inode 16218): 8 files, no impossibilities.

# 15 files, no impossibilities in 3 directories.

# Implicit Rules

build/%.o: src/%.cc include/AB.h include/ABB.h include/ABE.h include/main_functions.h include/node.h
#  recipe to execute (from 'makefile', line 39):
				$(CC) $(CFLAGS) -c -o $@ $<

# 1 implicit rules, 0 (0.0%) terminal.
# Files

pull:
#  Implicit rule search has not been done.
#  Modification time never checked.
#  File has not been updated.
#  recipe to execute (from 'makefile', line 74):
	git pull

upload:
#  Implicit rule search has not been done.
#  Modification time never checked.
#  File has not been updated.
#  recipe to execute (from 'makefile', line 70):
	git add .
	git commit -m "BackUp"
	git push

clean:
#  Implicit rule search has not been done.
#  Modification time never checked.
#  File has not been updated.
#  recipe to execute (from 'makefile', line 51):
				rm -rf $(OBJDIR)/*.o

template:
#  Implicit rule search has not been done.
#  Modification time never checked.
#  File has not been updated.
 
#  recipe to execute (from 'makefile', line 55):
				mkdir bin
				mkdir build
				mkdir include
				mkdir src
				touch README.md
	@echo "Plantilla creada correctamente"

# Not a target:
build/main_functions.o:
#  Implicit rule search has not been done.
#  Modification time never checked.
#  File has not been updated.

cleaner:
#  Implicit rule search has not been done.
#  Modification time never checked.
#  File has not been updated.
#  recipe to execute (from 'makefile', line 53):
				rm -rf bin/*

# Not a target:
.DEFAULT:
#  Implicit rule search has not been done.
#  Modification time never checked.
#  File has not been updated.

# Not a target:
all:
#  Command line target.
#  Implicit rule search has been done.
#  File does not exist.
#  File has not been updated.

show:
#  Implicit rule search has not been done.
#  Modification time never checked.
#  File has not been updated.
#  recipe to execute (from 'makefile', line 62):
	@echo $(AUX)
	@echo $(OBJ)
	@echo $(DEPSCPY)

bin/binary_search_tree: build/main_binary_tree.o build/main_functions.o
#  Implicit rule search has not been done.
#  Modification time never checked.
#  File has not been updated.
#  recipe to execute (from 'makefile', line 42):
				$(CC) -o $@ $^ $(CFLAGS)
	@echo ""
	@echo ARCHIVOS .o: $(OBJ)
	@echo ARCHIVOS .h: $(DEPSCPY)
	@echo ""

# Not a target:
makefile:
#  Implicit rule search has been done.
#  Last modified 2022-05-16 19:12:41.809525351
#  File has been updated.
#  Successfully updated.

move:
#  Implicit rule search has not been done.
#  Modification time never checked.
#  File has not been updated.
#  recipe to execute (from 'makefile', line 66):
	mv *.o $(OBJDIR)/
	mv *.h $(DEPSSRC)/
	mv *.cc $(OBJSRC)/

# Not a target:
build/main_binary_tree.o:
#  Implicit rule search has not been done.
#  Modification time never checked.
#  File has not been updated.

# files hash-table stats:
# Load=14/1024=1%, Rehash=0, Collisions=0/26=0%
# VPATH Search Paths

# No 'vpath' search paths.

# No general ('VPATH' variable) search path.

# strcache buffers: 1 (0) / strings = 35 / storage = 356 B / avg = 10 B
# current buf: size = 8162 B / used = 356 B / count = 35 / avg = 10 B

# strcache performance: lookups = 51 / hit rate = 31%
# hash-table stats:
# Load=35/8192=0%, Rehash=0, Collisions=0/51=0%
# Finished Make data base on Tue May 17 19:23:09 2022

 
